  Super Mario Bros 1.cpp
C:\Users\ruben\Documents\GitHub\Proyecto-1\Game\build\build_files\Super Mario Bros 1.cpp(663,28): warning C4244: '+=': conversión de 'double' a 'float'; posible pérdida de datos
C:\Users\ruben\Documents\GitHub\Proyecto-1\Game\build\build_files\Super Mario Bros 1.cpp(984,28): warning C4305: '+=': truncamiento de 'double' a 'float'
C:\Users\ruben\Documents\GitHub\Proyecto-1\Game\build\build_files\Super Mario Bros 1.cpp(1274,31): warning C4244: '=': conversión de 'int' a 'float'; posible pérdida de datos
C:\Users\ruben\Documents\GitHub\Proyecto-1\Game\build\build_files\Super Mario Bros 1.cpp(1293,31): warning C4244: '=': conversión de 'int' a 'float'; posible pérdida de datos
C:\Users\ruben\Documents\GitHub\Proyecto-1\Game\build\build_files\Super Mario Bros 1.cpp(1298,168): warning C4244: '=': conversión de 'int' a 'float'; posible pérdida de datos
C:\Users\ruben\Documents\GitHub\Proyecto-1\Game\build\build_files\Super Mario Bros 1.cpp(1330,30): warning C4244: '=': conversión de 'int' a 'float'; posible pérdida de datos
C:\Users\ruben\Documents\GitHub\Proyecto-1\Game\build\build_files\Super Mario Bros 1.cpp(1335,30): warning C4244: '=': conversión de 'int' a 'float'; posible pérdida de datos
C:\Users\ruben\Documents\GitHub\Proyecto-1\Game\build\build_files\Super Mario Bros 1.cpp(1341,53): warning C4305: 'argumento': truncamiento de 'double' a 'float'
C:\Users\ruben\Documents\GitHub\Proyecto-1\Game\build\build_files\Super Mario Bros 1.cpp(1342,53): warning C4305: 'argumento': truncamiento de 'double' a 'float'
C:\Users\ruben\Documents\GitHub\Proyecto-1\Game\build\build_files\Super Mario Bros 1.cpp(1343,53): warning C4305: 'argumento': truncamiento de 'double' a 'float'
C:\Users\ruben\Documents\GitHub\Proyecto-1\Game\build\build_files\Super Mario Bros 1.cpp(1344,53): warning C4305: 'argumento': truncamiento de 'double' a 'float'
C:\Users\ruben\Documents\GitHub\Proyecto-1\Game\build\build_files\Super Mario Bros 1.cpp(1345,53): warning C4305: 'argumento': truncamiento de 'double' a 'float'
C:\Users\ruben\Documents\GitHub\Proyecto-1\Game\build\build_files\Super Mario Bros 1.cpp(1346,53): warning C4305: 'argumento': truncamiento de 'double' a 'float'
C:\Users\ruben\Documents\GitHub\Proyecto-1\Game\build\build_files\Super Mario Bros 1.cpp(1356,51): warning C4305: 'argumento': truncamiento de 'double' a 'float'
C:\Users\ruben\Documents\GitHub\Proyecto-1\Game\build\build_files\Super Mario Bros 1.cpp(1357,51): warning C4305: 'argumento': truncamiento de 'double' a 'float'
C:\Users\ruben\Documents\GitHub\Proyecto-1\Game\build\build_files\Super Mario Bros 1.cpp(1358,52): warning C4305: 'argumento': truncamiento de 'double' a 'float'
C:\Users\ruben\Documents\GitHub\Proyecto-1\Game\build\build_files\Super Mario Bros 1.cpp(1360,52): warning C4305: 'argumento': truncamiento de 'double' a 'float'
C:\Users\ruben\Documents\GitHub\Proyecto-1\Game\build\build_files\Super Mario Bros 1.cpp(1361,52): warning C4305: 'argumento': truncamiento de 'double' a 'float'
C:\Users\ruben\Documents\GitHub\Proyecto-1\Game\build\build_files\Super Mario Bros 1.cpp(1363,52): warning C4305: 'argumento': truncamiento de 'double' a 'float'
C:\Users\ruben\Documents\GitHub\Proyecto-1\Game\build\build_files\Super Mario Bros 1.cpp(1364,52): warning C4305: 'argumento': truncamiento de 'double' a 'float'
C:\Users\ruben\Documents\GitHub\Proyecto-1\Game\build\build_files\Super Mario Bros 1.cpp(1365,52): warning C4305: 'argumento': truncamiento de 'double' a 'float'
C:\Users\ruben\Documents\GitHub\Proyecto-1\Game\build\build_files\Super Mario Bros 1.cpp(1366,52): warning C4305: 'argumento': truncamiento de 'double' a 'float'
C:\Users\ruben\Documents\GitHub\Proyecto-1\Game\build\build_files\Super Mario Bros 1.cpp(1367,52): warning C4305: 'argumento': truncamiento de 'double' a 'float'
C:\Users\ruben\Documents\GitHub\Proyecto-1\Game\build\build_files\Super Mario Bros 1.cpp(1368,52): warning C4305: 'argumento': truncamiento de 'double' a 'float'
C:\Users\ruben\Documents\GitHub\Proyecto-1\Game\build\build_files\Super Mario Bros 1.cpp(1369,52): warning C4305: 'argumento': truncamiento de 'double' a 'float'
C:\Users\ruben\Documents\GitHub\Proyecto-1\Game\build\build_files\Super Mario Bros 1.cpp(1370,52): warning C4305: 'argumento': truncamiento de 'double' a 'float'
C:\Users\ruben\Documents\GitHub\Proyecto-1\Game\build\build_files\Super Mario Bros 1.cpp(1372,52): warning C4305: 'argumento': truncamiento de 'double' a 'float'
C:\Users\ruben\Documents\GitHub\Proyecto-1\Game\build\build_files\Super Mario Bros 1.cpp(1373,52): warning C4305: 'argumento': truncamiento de 'double' a 'float'
C:\Users\ruben\Documents\GitHub\Proyecto-1\Game\build\build_files\Super Mario Bros 1.cpp(1374,52): warning C4305: 'argumento': truncamiento de 'double' a 'float'
C:\Users\ruben\Documents\GitHub\Proyecto-1\Game\build\build_files\Super Mario Bros 1.cpp(1375,52): warning C4305: 'argumento': truncamiento de 'double' a 'float'
C:\Users\ruben\Documents\GitHub\Proyecto-1\Game\build\build_files\Super Mario Bros 1.cpp(1377,52): warning C4305: 'argumento': truncamiento de 'double' a 'float'
C:\Users\ruben\Documents\GitHub\Proyecto-1\Game\build\build_files\Super Mario Bros 1.cpp(1378,52): warning C4305: 'argumento': truncamiento de 'double' a 'float'
C:\Users\ruben\Documents\GitHub\Proyecto-1\Game\build\build_files\Super Mario Bros 1.cpp(1380,52): warning C4305: 'argumento': truncamiento de 'double' a 'float'
C:\Users\ruben\Documents\GitHub\Proyecto-1\Game\build\build_files\Super Mario Bros 1.cpp(1382,52): warning C4305: 'argumento': truncamiento de 'double' a 'float'
C:\Users\ruben\Documents\GitHub\Proyecto-1\Game\build\build_files\Super Mario Bros 1.cpp(1383,52): warning C4305: 'argumento': truncamiento de 'double' a 'float'
C:\Users\ruben\Documents\GitHub\Proyecto-1\Game\build\build_files\Super Mario Bros 1.cpp(1384,52): warning C4305: 'argumento': truncamiento de 'double' a 'float'
C:\Users\ruben\Documents\GitHub\Proyecto-1\Game\build\build_files\Super Mario Bros 1.cpp(1386,52): warning C4305: 'argumento': truncamiento de 'double' a 'float'
C:\Users\ruben\Documents\GitHub\Proyecto-1\Game\build\build_files\Super Mario Bros 1.cpp(1387,52): warning C4305: 'argumento': truncamiento de 'double' a 'float'
C:\Users\ruben\Documents\GitHub\Proyecto-1\Game\build\build_files\Super Mario Bros 1.cpp(1388,52): warning C4305: 'argumento': truncamiento de 'double' a 'float'
C:\Users\ruben\Documents\GitHub\Proyecto-1\Game\build\build_files\Super Mario Bros 1.cpp(1389,52): warning C4305: 'argumento': truncamiento de 'double' a 'float'
C:\Users\ruben\Documents\GitHub\Proyecto-1\Game\build\build_files\Super Mario Bros 1.cpp(1391,52): warning C4305: 'argumento': truncamiento de 'double' a 'float'
C:\Users\ruben\Documents\GitHub\Proyecto-1\Game\build\build_files\Super Mario Bros 1.cpp(1392,52): warning C4305: 'argumento': truncamiento de 'double' a 'float'
C:\Users\ruben\Documents\GitHub\Proyecto-1\Game\build\build_files\Super Mario Bros 1.cpp(1394,52): warning C4305: 'argumento': truncamiento de 'double' a 'float'
C:\Users\ruben\Documents\GitHub\Proyecto-1\Game\build\build_files\Super Mario Bros 1.cpp(1395,52): warning C4305: 'argumento': truncamiento de 'double' a 'float'
C:\Users\ruben\Documents\GitHub\Proyecto-1\Game\build\build_files\Super Mario Bros 1.cpp(1396,52): warning C4305: 'argumento': truncamiento de 'double' a 'float'
C:\Users\ruben\Documents\GitHub\Proyecto-1\Game\build\build_files\Super Mario Bros 1.cpp(1397,52): warning C4305: 'argumento': truncamiento de 'double' a 'float'
C:\Users\ruben\Documents\GitHub\Proyecto-1\Game\build\build_files\Super Mario Bros 1.cpp(1399,52): warning C4305: 'argumento': truncamiento de 'double' a 'float'
C:\Users\ruben\Documents\GitHub\Proyecto-1\Game\build\build_files\Super Mario Bros 1.cpp(1400,52): warning C4305: 'argumento': truncamiento de 'double' a 'float'
C:\Users\ruben\Documents\GitHub\Proyecto-1\Game\build\build_files\Super Mario Bros 1.cpp(1401,52): warning C4305: 'argumento': truncamiento de 'double' a 'float'
C:\Users\ruben\Documents\GitHub\Proyecto-1\Game\build\build_files\Super Mario Bros 1.cpp(1403,52): warning C4305: 'argumento': truncamiento de 'double' a 'float'
C:\Users\ruben\Documents\GitHub\Proyecto-1\Game\build\build_files\Super Mario Bros 1.cpp(1404,52): warning C4305: 'argumento': truncamiento de 'double' a 'float'
C:\Users\ruben\Documents\GitHub\Proyecto-1\Game\build\build_files\Super Mario Bros 1.cpp(1406,52): warning C4305: 'argumento': truncamiento de 'double' a 'float'
C:\Users\ruben\Documents\GitHub\Proyecto-1\Game\build\build_files\Super Mario Bros 1.cpp(1409,52): warning C4305: 'argumento': truncamiento de 'double' a 'float'
C:\Users\ruben\Documents\GitHub\Proyecto-1\Game\build\build_files\Super Mario Bros 1.cpp(1410,52): warning C4305: 'argumento': truncamiento de 'double' a 'float'
C:\Users\ruben\Documents\GitHub\Proyecto-1\Game\build\build_files\Super Mario Bros 1.cpp(1411,52): warning C4305: 'argumento': truncamiento de 'double' a 'float'
C:\Users\ruben\Documents\GitHub\Proyecto-1\Game\build\build_files\Super Mario Bros 1.cpp(1412,52): warning C4305: 'argumento': truncamiento de 'double' a 'float'
C:\Users\ruben\Documents\GitHub\Proyecto-1\Game\build\build_files\Super Mario Bros 1.cpp(1414,52): warning C4305: 'argumento': truncamiento de 'double' a 'float'
C:\Users\ruben\Documents\GitHub\Proyecto-1\Game\build\build_files\Super Mario Bros 1.cpp(1415,52): warning C4305: 'argumento': truncamiento de 'double' a 'float'
C:\Users\ruben\Documents\GitHub\Proyecto-1\Game\build\build_files\Super Mario Bros 1.cpp(1416,52): warning C4305: 'argumento': truncamiento de 'double' a 'float'
C:\Users\ruben\Documents\GitHub\Proyecto-1\Game\build\build_files\Super Mario Bros 1.cpp(1418,52): warning C4305: 'argumento': truncamiento de 'double' a 'float'
C:\Users\ruben\Documents\GitHub\Proyecto-1\Game\build\build_files\Super Mario Bros 1.cpp(1419,52): warning C4305: 'argumento': truncamiento de 'double' a 'float'
C:\Users\ruben\Documents\GitHub\Proyecto-1\Game\build\build_files\Super Mario Bros 1.cpp(1421,52): warning C4305: 'argumento': truncamiento de 'double' a 'float'
C:\Users\ruben\Documents\GitHub\Proyecto-1\Game\build\build_files\Super Mario Bros 1.cpp(1424,52): warning C4305: 'argumento': truncamiento de 'double' a 'float'
C:\Users\ruben\Documents\GitHub\Proyecto-1\Game\build\build_files\Super Mario Bros 1.cpp(1425,52): warning C4305: 'argumento': truncamiento de 'double' a 'float'
C:\Users\ruben\Documents\GitHub\Proyecto-1\Game\build\build_files\Super Mario Bros 1.cpp(1426,52): warning C4305: 'argumento': truncamiento de 'double' a 'float'
C:\Users\ruben\Documents\GitHub\Proyecto-1\Game\build\build_files\Super Mario Bros 1.cpp(1427,52): warning C4305: 'argumento': truncamiento de 'double' a 'float'
C:\Users\ruben\Documents\GitHub\Proyecto-1\Game\build\build_files\Super Mario Bros 1.cpp(1429,52): warning C4305: 'argumento': truncamiento de 'double' a 'float'
C:\Users\ruben\Documents\GitHub\Proyecto-1\Game\build\build_files\Super Mario Bros 1.cpp(1430,52): warning C4305: 'argumento': truncamiento de 'double' a 'float'
C:\Users\ruben\Documents\GitHub\Proyecto-1\Game\build\build_files\Super Mario Bros 1.cpp(1431,52): warning C4305: 'argumento': truncamiento de 'double' a 'float'
C:\Users\ruben\Documents\GitHub\Proyecto-1\Game\build\build_files\Super Mario Bros 1.cpp(1433,52): warning C4305: 'argumento': truncamiento de 'double' a 'float'
C:\Users\ruben\Documents\GitHub\Proyecto-1\Game\build\build_files\Super Mario Bros 1.cpp(1434,52): warning C4305: 'argumento': truncamiento de 'double' a 'float'
C:\Users\ruben\Documents\GitHub\Proyecto-1\Game\build\build_files\Super Mario Bros 1.cpp(1436,52): warning C4305: 'argumento': truncamiento de 'double' a 'float'
C:\Users\ruben\Documents\GitHub\Proyecto-1\Game\build\build_files\Super Mario Bros 1.cpp(1439,52): warning C4305: 'argumento': truncamiento de 'double' a 'float'
C:\Users\ruben\Documents\GitHub\Proyecto-1\Game\build\build_files\Super Mario Bros 1.cpp(1440,52): warning C4305: 'argumento': truncamiento de 'double' a 'float'
C:\Users\ruben\Documents\GitHub\Proyecto-1\Game\build\build_files\Super Mario Bros 1.cpp(1441,52): warning C4305: 'argumento': truncamiento de 'double' a 'float'
C:\Users\ruben\Documents\GitHub\Proyecto-1\Game\build\build_files\Super Mario Bros 1.cpp(1442,52): warning C4305: 'argumento': truncamiento de 'double' a 'float'
C:\Users\ruben\Documents\GitHub\Proyecto-1\Game\build\build_files\Super Mario Bros 1.cpp(1444,52): warning C4305: 'argumento': truncamiento de 'double' a 'float'
C:\Users\ruben\Documents\GitHub\Proyecto-1\Game\build\build_files\Super Mario Bros 1.cpp(1445,52): warning C4305: 'argumento': truncamiento de 'double' a 'float'
C:\Users\ruben\Documents\GitHub\Proyecto-1\Game\build\build_files\Super Mario Bros 1.cpp(1446,52): warning C4305: 'argumento': truncamiento de 'double' a 'float'
C:\Users\ruben\Documents\GitHub\Proyecto-1\Game\build\build_files\Super Mario Bros 1.cpp(1448,52): warning C4305: 'argumento': truncamiento de 'double' a 'float'
C:\Users\ruben\Documents\GitHub\Proyecto-1\Game\build\build_files\Super Mario Bros 1.cpp(1449,52): warning C4305: 'argumento': truncamiento de 'double' a 'float'
C:\Users\ruben\Documents\GitHub\Proyecto-1\Game\build\build_files\Super Mario Bros 1.cpp(1451,52): warning C4305: 'argumento': truncamiento de 'double' a 'float'
C:\Users\ruben\Documents\GitHub\Proyecto-1\Game\build\build_files\Super Mario Bros 1.cpp(1454,52): warning C4305: 'argumento': truncamiento de 'double' a 'float'
C:\Users\ruben\Documents\GitHub\Proyecto-1\Game\build\build_files\Super Mario Bros 1.cpp(1455,52): warning C4305: 'argumento': truncamiento de 'double' a 'float'
C:\Users\ruben\Documents\GitHub\Proyecto-1\Game\build\build_files\Super Mario Bros 1.cpp(1456,52): warning C4305: 'argumento': truncamiento de 'double' a 'float'
C:\Users\ruben\Documents\GitHub\Proyecto-1\Game\build\build_files\Super Mario Bros 1.cpp(1458,52): warning C4305: 'argumento': truncamiento de 'double' a 'float'
C:\Users\ruben\Documents\GitHub\Proyecto-1\Game\build\build_files\Super Mario Bros 1.cpp(1459,52): warning C4305: 'argumento': truncamiento de 'double' a 'float'
C:\Users\ruben\Documents\GitHub\Proyecto-1\Game\build\build_files\Super Mario Bros 1.cpp(1460,52): warning C4305: 'argumento': truncamiento de 'double' a 'float'
C:\Users\ruben\Documents\GitHub\Proyecto-1\Game\build\build_files\Super Mario Bros 1.cpp(1461,52): warning C4305: 'argumento': truncamiento de 'double' a 'float'
C:\Users\ruben\Documents\GitHub\Proyecto-1\Game\build\build_files\Super Mario Bros 1.cpp(1462,52): warning C4305: 'argumento': truncamiento de 'double' a 'float'
C:\Users\ruben\Documents\GitHub\Proyecto-1\Game\build\build_files\Super Mario Bros 1.cpp(1463,52): warning C4305: 'argumento': truncamiento de 'double' a 'float'
C:\Users\ruben\Documents\GitHub\Proyecto-1\Game\build\build_files\Super Mario Bros 1.cpp(1464,52): warning C4305: 'argumento': truncamiento de 'double' a 'float'
C:\Users\ruben\Documents\GitHub\Proyecto-1\Game\build\build_files\Super Mario Bros 1.cpp(1465,52): warning C4305: 'argumento': truncamiento de 'double' a 'float'
C:\Users\ruben\Documents\GitHub\Proyecto-1\Game\build\build_files\Super Mario Bros 1.cpp(1466,52): warning C4305: 'argumento': truncamiento de 'double' a 'float'
C:\Users\ruben\Documents\GitHub\Proyecto-1\Game\build\build_files\Super Mario Bros 1.cpp(1468,52): warning C4305: 'argumento': truncamiento de 'double' a 'float'
C:\Users\ruben\Documents\GitHub\Proyecto-1\Game\build\build_files\Super Mario Bros 1.cpp(1469,52): warning C4305: 'argumento': truncamiento de 'double' a 'float'
C:\Users\ruben\Documents\GitHub\Proyecto-1\Game\build\build_files\Super Mario Bros 1.cpp(1470,52): warning C4305: 'argumento': truncamiento de 'double' a 'float'
C:\Users\ruben\Documents\GitHub\Proyecto-1\Game\build\build_files\Super Mario Bros 1.cpp(1471,52): warning C4305: 'argumento': truncamiento de 'double' a 'float'
C:\Users\ruben\Documents\GitHub\Proyecto-1\Game\build\build_files\Super Mario Bros 1.cpp(1472,52): warning C4305: 'argumento': truncamiento de 'double' a 'float'
C:\Users\ruben\Documents\GitHub\Proyecto-1\Game\build\build_files\Super Mario Bros 1.cpp(1473,52): warning C4305: 'argumento': truncamiento de 'double' a 'float'
C:\Users\ruben\Documents\GitHub\Proyecto-1\Game\build\build_files\Super Mario Bros 1.cpp(1474,52): warning C4305: 'argumento': truncamiento de 'double' a 'float'
C:\Users\ruben\Documents\GitHub\Proyecto-1\Game\build\build_files\Super Mario Bros 1.cpp(1475,52): warning C4305: 'argumento': truncamiento de 'double' a 'float'
C:\Users\ruben\Documents\GitHub\Proyecto-1\Game\build\build_files\Super Mario Bros 1.cpp(1477,52): warning C4305: 'argumento': truncamiento de 'double' a 'float'
C:\Users\ruben\Documents\GitHub\Proyecto-1\Game\build\build_files\Super Mario Bros 1.cpp(1478,52): warning C4305: 'argumento': truncamiento de 'double' a 'float'
C:\Users\ruben\Documents\GitHub\Proyecto-1\Game\build\build_files\Super Mario Bros 1.cpp(1479,52): warning C4305: 'argumento': truncamiento de 'double' a 'float'
C:\Users\ruben\Documents\GitHub\Proyecto-1\Game\build\build_files\Super Mario Bros 1.cpp(1480,52): warning C4305: 'argumento': truncamiento de 'double' a 'float'
C:\Users\ruben\Documents\GitHub\Proyecto-1\Game\build\build_files\Super Mario Bros 1.cpp(1481,52): warning C4305: 'argumento': truncamiento de 'double' a 'float'
C:\Users\ruben\Documents\GitHub\Proyecto-1\Game\build\build_files\Super Mario Bros 1.cpp(1482,52): warning C4305: 'argumento': truncamiento de 'double' a 'float'
C:\Users\ruben\Documents\GitHub\Proyecto-1\Game\build\build_files\Super Mario Bros 1.cpp(1483,52): warning C4305: 'argumento': truncamiento de 'double' a 'float'
C:\Users\ruben\Documents\GitHub\Proyecto-1\Game\build\build_files\Super Mario Bros 1.cpp(1485,52): warning C4305: 'argumento': truncamiento de 'double' a 'float'
C:\Users\ruben\Documents\GitHub\Proyecto-1\Game\build\build_files\Super Mario Bros 1.cpp(1486,52): warning C4305: 'argumento': truncamiento de 'double' a 'float'
C:\Users\ruben\Documents\GitHub\Proyecto-1\Game\build\build_files\Super Mario Bros 1.cpp(1487,52): warning C4305: 'argumento': truncamiento de 'double' a 'float'
C:\Users\ruben\Documents\GitHub\Proyecto-1\Game\build\build_files\Super Mario Bros 1.cpp(1488,52): warning C4305: 'argumento': truncamiento de 'double' a 'float'
C:\Users\ruben\Documents\GitHub\Proyecto-1\Game\build\build_files\Super Mario Bros 1.cpp(1489,52): warning C4305: 'argumento': truncamiento de 'double' a 'float'
C:\Users\ruben\Documents\GitHub\Proyecto-1\Game\build\build_files\Super Mario Bros 1.cpp(1490,52): warning C4305: 'argumento': truncamiento de 'double' a 'float'
C:\Users\ruben\Documents\GitHub\Proyecto-1\Game\build\build_files\Super Mario Bros 1.cpp(1492,52): warning C4305: 'argumento': truncamiento de 'double' a 'float'
C:\Users\ruben\Documents\GitHub\Proyecto-1\Game\build\build_files\Super Mario Bros 1.cpp(1493,52): warning C4305: 'argumento': truncamiento de 'double' a 'float'
C:\Users\ruben\Documents\GitHub\Proyecto-1\Game\build\build_files\Super Mario Bros 1.cpp(1494,52): warning C4305: 'argumento': truncamiento de 'double' a 'float'
C:\Users\ruben\Documents\GitHub\Proyecto-1\Game\build\build_files\Super Mario Bros 1.cpp(1495,52): warning C4305: 'argumento': truncamiento de 'double' a 'float'
C:\Users\ruben\Documents\GitHub\Proyecto-1\Game\build\build_files\Super Mario Bros 1.cpp(1496,52): warning C4305: 'argumento': truncamiento de 'double' a 'float'
C:\Users\ruben\Documents\GitHub\Proyecto-1\Game\build\build_files\Super Mario Bros 1.cpp(1498,52): warning C4305: 'argumento': truncamiento de 'double' a 'float'
C:\Users\ruben\Documents\GitHub\Proyecto-1\Game\build\build_files\Super Mario Bros 1.cpp(1499,52): warning C4305: 'argumento': truncamiento de 'double' a 'float'
C:\Users\ruben\Documents\GitHub\Proyecto-1\Game\build\build_files\Super Mario Bros 1.cpp(1500,52): warning C4305: 'argumento': truncamiento de 'double' a 'float'
C:\Users\ruben\Documents\GitHub\Proyecto-1\Game\build\build_files\Super Mario Bros 1.cpp(1501,52): warning C4305: 'argumento': truncamiento de 'double' a 'float'
C:\Users\ruben\Documents\GitHub\Proyecto-1\Game\build\build_files\Super Mario Bros 1.cpp(1503,52): warning C4305: 'argumento': truncamiento de 'double' a 'float'
C:\Users\ruben\Documents\GitHub\Proyecto-1\Game\build\build_files\Super Mario Bros 1.cpp(1504,52): warning C4305: 'argumento': truncamiento de 'double' a 'float'
C:\Users\ruben\Documents\GitHub\Proyecto-1\Game\build\build_files\Super Mario Bros 1.cpp(1505,52): warning C4305: 'argumento': truncamiento de 'double' a 'float'
C:\Users\ruben\Documents\GitHub\Proyecto-1\Game\build\build_files\Super Mario Bros 1.cpp(1507,52): warning C4305: 'argumento': truncamiento de 'double' a 'float'
C:\Users\ruben\Documents\GitHub\Proyecto-1\Game\build\build_files\Super Mario Bros 1.cpp(1508,52): warning C4305: 'argumento': truncamiento de 'double' a 'float'
C:\Users\ruben\Documents\GitHub\Proyecto-1\Game\build\build_files\Super Mario Bros 1.cpp(1510,52): warning C4305: 'argumento': truncamiento de 'double' a 'float'
  Proyecto-1.vcxproj -> C:\Users\ruben\Documents\GitHub\Proyecto-1\Game\bin\Debug\Proyecto-1.exe
