  raudio.c
<<<<<<< Updated upstream
C:\Users\rubenmg9\Documents\GitHub\Proyecto-1\Game\build\external\raylib-master\src\external\jar_xm.h(242,9): warning C4005: 'DEBUG': redefinición de macro
=======
C:\Users\marcjm2\Documents\GitHub\Proyecto-1\Game\build\external\raylib-master\src\external\jar_xm.h(242,9): warning C4005: 'DEBUG': redefinición de macro
>>>>>>> Stashed changes
  rcore.c
C:\Program Files (x86)\Windows Kits\10\Include\10.0.26100.0\shared\minwindef.h(60,9): warning C4005: 'MAX_PATH': redefinición de macro
C:\Program Files (x86)\Windows Kits\10\Include\10.0.26100.0\shared\minwindef.h(130,9): warning C4005: 'APIENTRY': redefinición de macro
  rglfw.c
  rmodels.c
  rshapes.c
  rtext.c
  rtextures.c
  utils.c
  Generando código...
<<<<<<< Updated upstream
  raylib.vcxproj -> C:\Users\rubenmg9\Documents\GitHub\Proyecto-1\Game\bin\Debug\raylib.lib
=======
  raylib.vcxproj -> C:\Users\marcjm2\Documents\GitHub\Proyecto-1\Game\bin\Debug\raylib.lib
>>>>>>> Stashed changes
